Started GET "/" for 127.0.0.1 at 2017-02-14 23:37:40 -0600

ActiveRecord::PendingMigrationError - 

Migrations are pending. To resolve this issue, run:

        bin/rails db:migrate RAILS_ENV=development

:
  activerecord (5.0.1) lib/active_record/migration.rb:573:in `check_pending!'
  activerecord (5.0.1) lib/active_record/migration.rb:549:in `call'
  actionpack (5.0.1) lib/action_dispatch/middleware/callbacks.rb:38:in `block in call'
  activesupport (5.0.1) lib/active_support/callbacks.rb:97:in `__run_callbacks__'
  activesupport (5.0.1) lib/active_support/callbacks.rb:750:in `_run_call_callbacks'
  activesupport (5.0.1) lib/active_support/callbacks.rb:90:in `run_callbacks'
  actionpack (5.0.1) lib/action_dispatch/middleware/callbacks.rb:36:in `call'
  actionpack (5.0.1) lib/action_dispatch/middleware/executor.rb:12:in `call'
  actionpack (5.0.1) lib/action_dispatch/middleware/remote_ip.rb:79:in `call'
  better_errors (2.1.1) lib/better_errors/middleware.rb:84:in `protected_app_call'
  better_errors (2.1.1) lib/better_errors/middleware.rb:79:in `better_errors_call'
  better_errors (2.1.1) lib/better_errors/middleware.rb:57:in `call'
  actionpack (5.0.1) lib/action_dispatch/middleware/debug_exceptions.rb:49:in `call'
  actionpack (5.0.1) lib/action_dispatch/middleware/show_exceptions.rb:31:in `call'
  railties (5.0.1) lib/rails/rack/logger.rb:36:in `call_app'
  railties (5.0.1) lib/rails/rack/logger.rb:24:in `block in call'
  activesupport (5.0.1) lib/active_support/tagged_logging.rb:69:in `block in tagged'
  activesupport (5.0.1) lib/active_support/tagged_logging.rb:26:in `tagged'
  activesupport (5.0.1) lib/active_support/tagged_logging.rb:69:in `tagged'
  railties (5.0.1) lib/rails/rack/logger.rb:24:in `call'
  actionpack (5.0.1) lib/action_dispatch/middleware/request_id.rb:24:in `call'
  rack (2.0.1) lib/rack/method_override.rb:22:in `call'
  rack (2.0.1) lib/rack/runtime.rb:22:in `call'
  activesupport (5.0.1) lib/active_support/cache/strategy/local_cache_middleware.rb:28:in `call'
  actionpack (5.0.1) lib/action_dispatch/middleware/executor.rb:12:in `call'
  actionpack (5.0.1) lib/action_dispatch/middleware/static.rb:136:in `call'
  rack (2.0.1) lib/rack/sendfile.rb:111:in `call'
  railties (5.0.1) lib/rails/engine.rb:522:in `call'
  rack (2.0.1) lib/rack/handler/webrick.rb:86:in `service'
  /home/dapresident/.rvm/rubies/ruby-2.4.0/lib/ruby/2.4.0/webrick/httpserver.rb:140:in `service'
  /home/dapresident/.rvm/rubies/ruby-2.4.0/lib/ruby/2.4.0/webrick/httpserver.rb:96:in `run'
  /home/dapresident/.rvm/rubies/ruby-2.4.0/lib/ruby/2.4.0/webrick/server.rb:290:in `block in start_thread'

Started POST "/__better_errors/af2b30ea6afe6cd4/variables" for 127.0.0.1 at 2017-02-14 23:37:40 -0600
  [1m[35m (24.1ms)[0m  [1m[35mCREATE TABLE "schema_migrations" ("version" varchar NOT NULL PRIMARY KEY)[0m
  [1m[35m (18.3ms)[0m  [1m[35mCREATE TABLE "ar_internal_metadata" ("key" varchar NOT NULL PRIMARY KEY, "value" varchar, "created_at" datetime NOT NULL, "updated_at" datetime NOT NULL)[0m
  [1m[36mActiveRecord::SchemaMigration Load (0.1ms)[0m  [1m[34mSELECT "schema_migrations".* FROM "schema_migrations"[0m
Migrating to CreateRecipes (20140922213034)
  [1m[35m (0.1ms)[0m  [1m[36mbegin transaction[0m
DEPRECATION WARNING: Directly inheriting from ActiveRecord::Migration is deprecated. Please specify the Rails release the migration was written for:

  class CreateRecipes < ActiveRecord::Migration[4.2] (called from block in execute at /home/dapresident/.rvm/gems/ruby-2.4.0@global/gems/rake-12.0.0/lib/rake/task.rb:250)
  [1m[35m (0.3ms)[0m  [1m[35mCREATE TABLE "recipes" ("id" INTEGER PRIMARY KEY AUTOINCREMENT NOT NULL, "title" varchar, "description" text, "user_id" integer, "created_at" datetime, "updated_at" datetime)[0m
  [1m[35mSQL (0.3ms)[0m  [1m[32mINSERT INTO "schema_migrations" ("version") VALUES (?)[0m  [["version", "20140922213034"]]
  [1m[35m (15.8ms)[0m  [1m[36mcommit transaction[0m
Migrating to AddAttachmentImageToRecipes (20140922215733)
  [1m[35m (0.1ms)[0m  [1m[36mbegin transaction[0m
DEPRECATION WARNING: Directly inheriting from ActiveRecord::Migration is deprecated. Please specify the Rails release the migration was written for:

  class AddAttachmentImageToRecipes < ActiveRecord::Migration[4.2] (called from block in execute at /home/dapresident/.rvm/gems/ruby-2.4.0@global/gems/rake-12.0.0/lib/rake/task.rb:250)
  [1m[35m (0.6ms)[0m  [1m[35mALTER TABLE "recipes" ADD "image_file_name" varchar[0m
  [1m[35m (0.2ms)[0m  [1m[35mALTER TABLE "recipes" ADD "image_content_type" varchar[0m
  [1m[35m (0.1ms)[0m  [1m[35mALTER TABLE "recipes" ADD "image_file_size" integer[0m
  [1m[35m (0.1ms)[0m  [1m[35mALTER TABLE "recipes" ADD "image_updated_at" datetime[0m
  [1m[35mSQL (0.1ms)[0m  [1m[32mINSERT INTO "schema_migrations" ("version") VALUES (?)[0m  [["version", "20140922215733"]]
  [1m[35m (8.2ms)[0m  [1m[36mcommit transaction[0m
Migrating to CreateIngredients (20140922220900)
  [1m[35m (0.1ms)[0m  [1m[36mbegin transaction[0m
DEPRECATION WARNING: Directly inheriting from ActiveRecord::Migration is deprecated. Please specify the Rails release the migration was written for:

  class CreateIngredients < ActiveRecord::Migration[4.2] (called from block in execute at /home/dapresident/.rvm/gems/ruby-2.4.0@global/gems/rake-12.0.0/lib/rake/task.rb:250)
  [1m[35m (0.3ms)[0m  [1m[35mCREATE TABLE "ingredients" ("id" INTEGER PRIMARY KEY AUTOINCREMENT NOT NULL, "name" varchar, "recipe_id" integer, "created_at" datetime, "updated_at" datetime)[0m
  [1m[35m (0.1ms)[0m  [1m[34mselect sqlite_version(*)[0m
  [1m[35m (0.1ms)[0m  [1m[35mCREATE  INDEX "index_ingredients_on_recipe_id" ON "ingredients" ("recipe_id")[0m
  [1m[35mSQL (0.1ms)[0m  [1m[32mINSERT INTO "schema_migrations" ("version") VALUES (?)[0m  [["version", "20140922220900"]]
  [1m[35m (22.0ms)[0m  [1m[36mcommit transaction[0m
Migrating to CreateDirections (20140922220919)
  [1m[35m (0.1ms)[0m  [1m[36mbegin transaction[0m
DEPRECATION WARNING: Directly inheriting from ActiveRecord::Migration is deprecated. Please specify the Rails release the migration was written for:

  class CreateDirections < ActiveRecord::Migration[4.2] (called from block in execute at /home/dapresident/.rvm/gems/ruby-2.4.0@global/gems/rake-12.0.0/lib/rake/task.rb:250)
  [1m[35m (0.7ms)[0m  [1m[35mCREATE TABLE "directions" ("id" INTEGER PRIMARY KEY AUTOINCREMENT NOT NULL, "step" text, "recipe_id" integer, "created_at" datetime, "updated_at" datetime)[0m
  [1m[35m (0.2ms)[0m  [1m[35mCREATE  INDEX "index_directions_on_recipe_id" ON "directions" ("recipe_id")[0m
  [1m[35mSQL (0.2ms)[0m  [1m[32mINSERT INTO "schema_migrations" ("version") VALUES (?)[0m  [["version", "20140922220919"]]
  [1m[35m (12.8ms)[0m  [1m[36mcommit transaction[0m
Migrating to DeviseCreateUsers (20140922223403)
  [1m[35m (0.1ms)[0m  [1m[36mbegin transaction[0m
DEPRECATION WARNING: Directly inheriting from ActiveRecord::Migration is deprecated. Please specify the Rails release the migration was written for:

  class DeviseCreateUsers < ActiveRecord::Migration[4.2] (called from block in execute at /home/dapresident/.rvm/gems/ruby-2.4.0@global/gems/rake-12.0.0/lib/rake/task.rb:250)
  [1m[35m (0.3ms)[0m  [1m[35mCREATE TABLE "users" ("id" INTEGER PRIMARY KEY AUTOINCREMENT NOT NULL, "email" varchar DEFAULT '' NOT NULL, "encrypted_password" varchar DEFAULT '' NOT NULL, "reset_password_token" varchar, "reset_password_sent_at" datetime, "remember_created_at" datetime, "sign_in_count" integer DEFAULT 0 NOT NULL, "current_sign_in_at" datetime, "last_sign_in_at" datetime, "current_sign_in_ip" varchar, "last_sign_in_ip" varchar, "created_at" datetime, "updated_at" datetime)[0m
  [1m[35m (0.1ms)[0m  [1m[35mCREATE UNIQUE INDEX "index_users_on_email" ON "users" ("email")[0m
  [1m[35m (0.1ms)[0m  [1m[34m            SELECT sql
            FROM sqlite_master
            WHERE name='index_users_on_email' AND type='index'
            UNION ALL
            SELECT sql
            FROM sqlite_temp_master
            WHERE name='index_users_on_email' AND type='index'
[0m
  [1m[35m (0.1ms)[0m  [1m[35mCREATE UNIQUE INDEX "index_users_on_reset_password_token" ON "users" ("reset_password_token")[0m
  [1m[35mSQL (0.1ms)[0m  [1m[32mINSERT INTO "schema_migrations" ("version") VALUES (?)[0m  [["version", "20140922223403"]]
  [1m[35m (24.5ms)[0m  [1m[36mcommit transaction[0m
  [1m[36mActiveRecord::InternalMetadata Load (0.2ms)[0m  [1m[34mSELECT  "ar_internal_metadata".* FROM "ar_internal_metadata" WHERE "ar_internal_metadata"."key" = ? LIMIT ?[0m  [["key", :environment], ["LIMIT", 1]]
  [1m[35m (0.1ms)[0m  [1m[36mbegin transaction[0m
  [1m[35mSQL (0.2ms)[0m  [1m[32mINSERT INTO "ar_internal_metadata" ("key", "value", "created_at", "updated_at") VALUES (?, ?, ?, ?)[0m  [["key", "environment"], ["value", "development"], ["created_at", 2017-02-15 05:37:52 UTC], ["updated_at", 2017-02-15 05:37:52 UTC]]
  [1m[35m (7.7ms)[0m  [1m[36mcommit transaction[0m
  [1m[36mActiveRecord::SchemaMigration Load (0.1ms)[0m  [1m[34mSELECT "schema_migrations".* FROM "schema_migrations"[0m
  [1m[35m (0.1ms)[0m  [1m[34m            SELECT sql
            FROM sqlite_master
            WHERE name='index_directions_on_recipe_id' AND type='index'
            UNION ALL
            SELECT sql
            FROM sqlite_temp_master
            WHERE name='index_directions_on_recipe_id' AND type='index'
[0m
  [1m[35m (0.1ms)[0m  [1m[34m            SELECT sql
            FROM sqlite_master
            WHERE name='index_ingredients_on_recipe_id' AND type='index'
            UNION ALL
            SELECT sql
            FROM sqlite_temp_master
            WHERE name='index_ingredients_on_recipe_id' AND type='index'
[0m
  [1m[35m (0.1ms)[0m  [1m[34m            SELECT sql
            FROM sqlite_master
            WHERE name='index_users_on_reset_password_token' AND type='index'
            UNION ALL
            SELECT sql
            FROM sqlite_temp_master
            WHERE name='index_users_on_reset_password_token' AND type='index'
[0m
  [1m[35m (0.1ms)[0m  [1m[34m            SELECT sql
            FROM sqlite_master
            WHERE name='index_users_on_email' AND type='index'
            UNION ALL
            SELECT sql
            FROM sqlite_temp_master
            WHERE name='index_users_on_email' AND type='index'
[0m
Started GET "/" for 127.0.0.1 at 2017-02-14 23:37:58 -0600
  [1m[36mActiveRecord::SchemaMigration Load (0.1ms)[0m  [1m[34mSELECT "schema_migrations".* FROM "schema_migrations"[0m
Processing by RecipesController#index as HTML
  Rendering recipes/index.html.haml within layouts/application
  [1m[35m (0.1ms)[0m  [1m[34mSELECT COUNT(*) FROM "recipes"[0m
  [1m[36mRecipe Load (0.1ms)[0m  [1m[34mSELECT "recipes".* FROM "recipes" ORDER BY created_at DESC[0m
  Rendered recipes/index.html.haml within layouts/application (4.6ms)
Completed 200 OK in 4085ms (Views: 4061.1ms | ActiveRecord: 0.4ms)


Started GET "/assets/recipes.self-e3b0c44298fc1c149afbf4c8996fb92427ae41e4649b934ca495991b7852b855.css?body=1" for 127.0.0.1 at 2017-02-14 23:38:02 -0600
Started GET "/assets/turbolinks.self-c5acd7a204f5f25ce7a1d8a0e4d92e28d34c9e2df2c7371cd7af88e147e4ad82.js?body=1" for 127.0.0.1 at 2017-02-14 23:38:02 -0600
Started GET "/assets/cocoon.self-6874ad698cefd21cc1119b773550f61b5c1a60396460f015222af59293affe80.js?body=1" for 127.0.0.1 at 2017-02-14 23:38:02 -0600
Started GET "/assets/application.self-bbd7d1d3f459df798b2a5c89d99dc5b577fa062cf987b274652747ff2179de83.css?body=1" for 127.0.0.1 at 2017-02-14 23:38:02 -0600
Started GET "/assets/application.self-120f3cf1cb67bea53c4a2a57336b34ca04b04b55a55c38cf76ce20a147e5eff9.js?body=1" for 127.0.0.1 at 2017-02-14 23:38:02 -0600
Started GET "/assets/recipes.self-877aef30ae1b040ab8a3aba4e3e309a11d7f2612f44dde450b5c157aa5f95c05.js?body=1" for 127.0.0.1 at 2017-02-14 23:38:02 -0600
Started GET "/" for 127.0.0.1 at 2017-02-14 23:38:07 -0600
Processing by RecipesController#index as HTML
  Rendering recipes/index.html.haml within layouts/application
  [1m[35m (0.1ms)[0m  [1m[34mSELECT COUNT(*) FROM "recipes"[0m
  [1m[36mRecipe Load (0.3ms)[0m  [1m[34mSELECT "recipes".* FROM "recipes" ORDER BY created_at DESC[0m
  Rendered recipes/index.html.haml within layouts/application (3.5ms)
Completed 200 OK in 36ms (Views: 34.0ms | ActiveRecord: 0.4ms)


Started GET "/users/sign_up" for 127.0.0.1 at 2017-02-14 23:38:10 -0600
Processing by Devise::RegistrationsController#new as HTML
  Rendering devise/registrations/new.html.erb within layouts/application
  Rendered devise/shared/_links.erb (0.9ms)
  Rendered devise/registrations/new.html.erb within layouts/application (42.1ms)
Completed 200 OK in 82ms (Views: 65.1ms | ActiveRecord: 2.0ms)


Started POST "/users" for 127.0.0.1 at 2017-02-14 23:39:01 -0600
Processing by Devise::RegistrationsController#create as HTML
  Parameters: {"utf8"=>"✓", "authenticity_token"=>"iwSBY9NhgjcK7JSRIc5vHnuqLp2f97VfiM05wp0R2WIVxMYajuhoJtaHmbRDFixcrlM05mAeHeISwxvbILyacg==", "user"=>{"email"=>"test@exaple.com", "password"=>"[FILTERED]", "password_confirmation"=>"[FILTERED]"}, "commit"=>"Sign up"}
  [1m[35m (0.4ms)[0m  [1m[36mbegin transaction[0m
  [1m[36mUser Exists (0.2ms)[0m  [1m[34mSELECT  1 AS one FROM "users" WHERE "users"."email" = ? LIMIT ?[0m  [["email", "test@exaple.com"], ["LIMIT", 1]]
  [1m[35mSQL (0.2ms)[0m  [1m[32mINSERT INTO "users" ("email", "encrypted_password", "created_at", "updated_at") VALUES (?, ?, ?, ?)[0m  [["email", "test@exaple.com"], ["encrypted_password", "$2a$10$VI2wmOfDJErmyiaLNcqlfe7rZDFX8mFkh8y42UHfzDb.O9PapOfx."], ["created_at", 2017-02-15 05:39:01 UTC], ["updated_at", 2017-02-15 05:39:01 UTC]]
  [1m[35m (25.3ms)[0m  [1m[36mcommit transaction[0m
  [1m[35m (0.1ms)[0m  [1m[36mbegin transaction[0m
  [1m[35mSQL (0.3ms)[0m  [1m[33mUPDATE "users" SET "sign_in_count" = ?, "current_sign_in_at" = ?, "last_sign_in_at" = ?, "current_sign_in_ip" = ?, "last_sign_in_ip" = ?, "updated_at" = ? WHERE "users"."id" = ?[0m  [["sign_in_count", 1], ["current_sign_in_at", 2017-02-15 05:39:01 UTC], ["last_sign_in_at", 2017-02-15 05:39:01 UTC], ["current_sign_in_ip", "127.0.0.1"], ["last_sign_in_ip", "127.0.0.1"], ["updated_at", 2017-02-15 05:39:01 UTC], ["id", 1]]
  [1m[35m (12.9ms)[0m  [1m[36mcommit transaction[0m
Redirected to http://localhost:3000/
Completed 302 Found in 156ms (ActiveRecord: 39.5ms)


Started GET "/" for 127.0.0.1 at 2017-02-14 23:39:01 -0600
Processing by RecipesController#index as HTML
  Rendering recipes/index.html.haml within layouts/application
  [1m[35m (0.2ms)[0m  [1m[34mSELECT COUNT(*) FROM "recipes"[0m
  [1m[36mRecipe Load (0.1ms)[0m  [1m[34mSELECT "recipes".* FROM "recipes" ORDER BY created_at DESC[0m
  Rendered recipes/index.html.haml within layouts/application (3.5ms)
  [1m[36mUser Load (0.2ms)[0m  [1m[34mSELECT  "users".* FROM "users" WHERE "users"."id" = ? ORDER BY "users"."id" ASC LIMIT ?[0m  [["id", 1], ["LIMIT", 1]]
Completed 200 OK in 32ms (Views: 30.0ms | ActiveRecord: 0.5ms)


Started GET "/recipes/new" for 127.0.0.1 at 2017-02-14 23:39:09 -0600
Processing by RecipesController#new as HTML
  [1m[36mUser Load (0.2ms)[0m  [1m[34mSELECT  "users".* FROM "users" WHERE "users"."id" = ? ORDER BY "users"."id" ASC LIMIT ?[0m  [["id", 1], ["LIMIT", 1]]
  Rendering recipes/new.html.haml within layouts/application
  Rendered recipes/_ingredient_fields.html.haml (5.4ms)
  Rendered recipes/_direction_fields.html.haml (2.9ms)
  Rendered recipes/_form.html.haml (40.1ms)
  Rendered recipes/new.html.haml within layouts/application (41.6ms)
Completed 200 OK in 103ms (Views: 66.4ms | ActiveRecord: 1.3ms)


Started POST "/recipes" for 127.0.0.1 at 2017-02-14 23:40:17 -0600
Processing by RecipesController#create as HTML
  Parameters: {"utf8"=>"✓", "authenticity_token"=>"UBrBcxhkVBe01a5RLwTWDxfg3d81vzHayc7F/O7EpmHO2oYKRe2+Bmi+o3RN3JVNwhnHpMpWmWdTwOflU2nlcQ==", "recipe"=>{"title"=>"Chicken stew", "description"=>"hvbnnknk", "image"=>#<ActionDispatch::Http::UploadedFile:0x007febbb31f2f0 @tempfile=#<Tempfile:/tmp/RackMultipart20170214-5885-159sg5w.jpg>, @original_filename="ruby2.jpg", @content_type="image/jpeg", @headers="Content-Disposition: form-data; name=\"recipe[image]\"; filename=\"ruby2.jpg\"\r\nContent-Type: image/jpeg\r\n">, "ingredients_attributes"=>{"1487137187392"=>{"name"=>"jnjnjnjn", "_destroy"=>"false"}, "1487137187395"=>{"name"=>"kk k kk kkkjiihii", "_destroy"=>"false"}}, "directions_attributes"=>{"1487137197731"=>{"step"=>"                    njnjnnjnjnnjnnj", "_destroy"=>"false"}, "1487137197732"=>{"step"=>"jjnnnjjnjnjnjn                    ", "_destroy"=>"false"}}}, "commit"=>"Create Recipe"}
  [1m[36mUser Load (0.3ms)[0m  [1m[34mSELECT  "users".* FROM "users" WHERE "users"."id" = ? ORDER BY "users"."id" ASC LIMIT ?[0m  [["id", 1], ["LIMIT", 1]]
Command :: file -b --mime '/tmp/c5c70c134ce484c46c53b38e57bca2ee20170214-5885-d06okh.jpg'
Command :: identify -format '%wx%h,%[exif:orientation]' '/tmp/c5c70c134ce484c46c53b38e57bca2ee20170214-5885-yfpd0g.jpg[0]' 2>/dev/null
Command :: identify -format %m '/tmp/c5c70c134ce484c46c53b38e57bca2ee20170214-5885-yfpd0g.jpg[0]'
Command :: convert '/tmp/c5c70c134ce484c46c53b38e57bca2ee20170214-5885-yfpd0g.jpg[0]' -auto-orient -resize "x400" -crop "400x400+68+0" +repage '/tmp/ecfc54b06aa00c44999be8a6da0c0bc920170214-5885-ugxw3h'
  [1m[35m (0.1ms)[0m  [1m[36mbegin transaction[0m
Command :: file -b --mime '/tmp/c5c70c134ce484c46c53b38e57bca2ee20170214-5885-x8967d.jpg'
  [1m[35mSQL (0.2ms)[0m  [1m[32mINSERT INTO "recipes" ("title", "description", "user_id", "created_at", "updated_at", "image_file_name", "image_content_type", "image_file_size", "image_updated_at") VALUES (?, ?, ?, ?, ?, ?, ?, ?, ?)[0m  [["title", "Chicken stew"], ["description", "hvbnnknk"], ["user_id", 1], ["created_at", 2017-02-15 05:40:17 UTC], ["updated_at", 2017-02-15 05:40:17 UTC], ["image_file_name", "ruby2.jpg"], ["image_content_type", "image/jpeg"], ["image_file_size", 1134190], ["image_updated_at", 2017-02-15 05:40:17 UTC]]
  [1m[35mSQL (0.1ms)[0m  [1m[32mINSERT INTO "ingredients" ("name", "recipe_id", "created_at", "updated_at") VALUES (?, ?, ?, ?)[0m  [["name", "jnjnjnjn"], ["recipe_id", 1], ["created_at", 2017-02-15 05:40:17 UTC], ["updated_at", 2017-02-15 05:40:17 UTC]]
  [1m[35mSQL (0.1ms)[0m  [1m[32mINSERT INTO "ingredients" ("name", "recipe_id", "created_at", "updated_at") VALUES (?, ?, ?, ?)[0m  [["name", "kk k kk kkkjiihii"], ["recipe_id", 1], ["created_at", 2017-02-15 05:40:17 UTC], ["updated_at", 2017-02-15 05:40:17 UTC]]
  [1m[35mSQL (0.1ms)[0m  [1m[32mINSERT INTO "directions" ("step", "recipe_id", "created_at", "updated_at") VALUES (?, ?, ?, ?)[0m  [["step", "                    njnjnnjnjnnjnnj"], ["recipe_id", 1], ["created_at", 2017-02-15 05:40:17 UTC], ["updated_at", 2017-02-15 05:40:17 UTC]]
  [1m[35mSQL (0.1ms)[0m  [1m[32mINSERT INTO "directions" ("step", "recipe_id", "created_at", "updated_at") VALUES (?, ?, ?, ?)[0m  [["step", "jjnnnjjnjnjnjn                    "], ["recipe_id", 1], ["created_at", 2017-02-15 05:40:17 UTC], ["updated_at", 2017-02-15 05:40:17 UTC]]
  [1m[35m (24.6ms)[0m  [1m[36mcommit transaction[0m
Redirected to http://localhost:3000/recipes/1
Completed 302 Found in 242ms (ActiveRecord: 25.7ms)


Started GET "/recipes/1" for 127.0.0.1 at 2017-02-14 23:40:18 -0600
Processing by RecipesController#show as HTML
  Parameters: {"id"=>"1"}
  [1m[36mRecipe Load (0.2ms)[0m  [1m[34mSELECT  "recipes".* FROM "recipes" WHERE "recipes"."id" = ? LIMIT ?[0m  [["id", 1], ["LIMIT", 1]]
  Rendering recipes/show.html.haml within layouts/application
  [1m[36mUser Load (0.4ms)[0m  [1m[34mSELECT  "users".* FROM "users" WHERE "users"."id" = ? LIMIT ?[0m  [["id", 1], ["LIMIT", 1]]
  [1m[36mIngredient Load (0.2ms)[0m  [1m[34mSELECT "ingredients".* FROM "ingredients" WHERE "ingredients"."recipe_id" = ?[0m  [["recipe_id", 1]]
  [1m[36mDirection Load (0.2ms)[0m  [1m[34mSELECT "directions".* FROM "directions" WHERE "directions"."recipe_id" = ?[0m  [["recipe_id", 1]]
  [1m[36mUser Load (0.2ms)[0m  [1m[34mSELECT  "users".* FROM "users" WHERE "users"."id" = ? ORDER BY "users"."id" ASC LIMIT ?[0m  [["id", 1], ["LIMIT", 1]]
  Rendered recipes/show.html.haml within layouts/application (15.1ms)
Completed 200 OK in 44ms (Views: 38.0ms | ActiveRecord: 1.2ms)


Started GET "/recipes/1" for 127.0.0.1 at 2017-02-15 00:41:02 -0600
Processing by RecipesController#show as HTML
  Parameters: {"id"=>"1"}
  [1m[36mRecipe Load (0.2ms)[0m  [1m[34mSELECT  "recipes".* FROM "recipes" WHERE "recipes"."id" = ? LIMIT ?[0m  [["id", 1], ["LIMIT", 1]]
  Rendering recipes/show.html.erb within layouts/application
  [1m[36mUser Load (0.2ms)[0m  [1m[34mSELECT  "users".* FROM "users" WHERE "users"."id" = ? LIMIT ?[0m  [["id", 1], ["LIMIT", 1]]
  [1m[36mIngredient Load (0.4ms)[0m  [1m[34mSELECT "ingredients".* FROM "ingredients" WHERE "ingredients"."recipe_id" = ?[0m  [["recipe_id", 1]]
  [1m[36mDirection Load (0.3ms)[0m  [1m[34mSELECT "directions".* FROM "directions" WHERE "directions"."recipe_id" = ?[0m  [["recipe_id", 1]]
  [1m[36mUser Load (0.4ms)[0m  [1m[34mSELECT  "users".* FROM "users" WHERE "users"."id" = ? ORDER BY "users"."id" ASC LIMIT ?[0m  [["id", 1], ["LIMIT", 1]]
  Rendered recipes/show.html.erb within layouts/application (21.8ms)
Completed 500 Internal Server Error in 60ms (ActiveRecord: 1.5ms)


DEPRECATION WARNING: #original_exception is deprecated. Use #cause instead. (called from initialize at /home/dapresident/.rvm/gems/ruby-2.4.0/gems/better_errors-2.1.1/lib/better_errors/raised_exception.rb:7)
DEPRECATION WARNING: #original_exception is deprecated. Use #cause instead. (called from initialize at /home/dapresident/.rvm/gems/ruby-2.4.0/gems/better_errors-2.1.1/lib/better_errors/raised_exception.rb:8)

ActionView::MissingTemplate - Missing partial recipes/_navigation, application/_navigation with {:locale=>[:en], :formats=>[:html], :variants=>[], :handlers=>[:raw, :erb, :html, :builder, :ruby, :coffee, :jbuilder, :haml]}. Searched in:
  * "/home/dapresident/Desktop/Ruby/Udemy/recipe_box/app/views"
  * "/home/dapresident/.rvm/gems/ruby-2.4.0/gems/devise-4.2.0/app/views"
:
  actionview (5.0.1) lib/action_view/path_set.rb:46:in `find'
  actionview (5.0.1) lib/action_view/lookup_context.rb:122:in `find'
  actionview (5.0.1) lib/action_view/renderer/partial_renderer.rb:420:in `find_template'
  actionview (5.0.1) lib/action_view/renderer/partial_renderer.rb:415:in `find_partial'
  actionview (5.0.1) lib/action_view/renderer/partial_renderer.rb:297:in `render'
  actionview (5.0.1) lib/action_view/renderer/renderer.rb:47:in `render_partial'
  actionview (5.0.1) lib/action_view/helpers/rendering_helper.rb:35:in `render'
  haml (4.0.7) lib/haml/helpers/action_view_mods.rb:12:in `render_with_haml'
  app/views/layouts/application.html.erb:10:in `_app_views_layouts_application_html_erb__4078091067727928636_70325197253100'
  actionview (5.0.1) lib/action_view/template.rb:159:in `block in render'
  activesupport (5.0.1) lib/active_support/notifications.rb:166:in `instrument'
  actionview (5.0.1) lib/action_view/template.rb:354:in `instrument'
  actionview (5.0.1) lib/action_view/template.rb:157:in `render'
  actionview (5.0.1) lib/action_view/renderer/template_renderer.rb:66:in `render_with_layout'
  actionview (5.0.1) lib/action_view/renderer/template_renderer.rb:52:in `render_template'
  actionview (5.0.1) lib/action_view/renderer/template_renderer.rb:14:in `render'
  actionview (5.0.1) lib/action_view/renderer/renderer.rb:42:in `render_template'
  actionview (5.0.1) lib/action_view/renderer/renderer.rb:23:in `render'
  actionview (5.0.1) lib/action_view/rendering.rb:103:in `_render_template'
  actionpack (5.0.1) lib/action_controller/metal/streaming.rb:217:in `_render_template'
  actionview (5.0.1) lib/action_view/rendering.rb:83:in `render_to_body'
  actionpack (5.0.1) lib/action_controller/metal/rendering.rb:52:in `render_to_body'
  actionpack (5.0.1) lib/action_controller/metal/renderers.rb:142:in `render_to_body'
  actionpack (5.0.1) lib/abstract_controller/rendering.rb:26:in `render'
  actionpack (5.0.1) lib/action_controller/metal/rendering.rb:36:in `render'
  actionpack (5.0.1) lib/action_controller/metal/instrumentation.rb:44:in `block (2 levels) in render'
  activesupport (5.0.1) lib/active_support/core_ext/benchmark.rb:12:in `block in ms'
  /home/dapresident/.rvm/rubies/ruby-2.4.0/lib/ruby/2.4.0/benchmark.rb:308:in `realtime'
  activesupport (5.0.1) lib/active_support/core_ext/benchmark.rb:12:in `ms'
  actionpack (5.0.1) lib/action_controller/metal/instrumentation.rb:44:in `block in render'
  actionpack (5.0.1) lib/action_controller/metal/instrumentation.rb:87:in `cleanup_view_runtime'
  activerecord (5.0.1) lib/active_record/railties/controller_runtime.rb:25:in `cleanup_view_runtime'
  actionpack (5.0.1) lib/action_controller/metal/instrumentation.rb:43:in `render'
  actionpack (5.0.1) lib/action_controller/metal/implicit_render.rb:36:in `default_render'
  actionpack (5.0.1) lib/action_controller/metal/basic_implicit_render.rb:4:in `block in send_action'
  actionpack (5.0.1) lib/action_controller/metal/basic_implicit_render.rb:4:in `tap'
  actionpack (5.0.1) lib/action_controller/metal/basic_implicit_render.rb:4:in `send_action'
  actionpack (5.0.1) lib/abstract_controller/base.rb:188:in `process_action'
  actionpack (5.0.1) lib/action_controller/metal/rendering.rb:30:in `process_action'
  actionpack (5.0.1) lib/abstract_controller/callbacks.rb:20:in `block in process_action'
  activesupport (5.0.1) lib/active_support/callbacks.rb:126:in `call'
  activesupport (5.0.1) lib/active_support/callbacks.rb:506:in `block (2 levels) in compile'
  activesupport (5.0.1) lib/active_support/callbacks.rb:455:in `call'
  activesupport (5.0.1) lib/active_support/callbacks.rb:101:in `__run_callbacks__'
  activesupport (5.0.1) lib/active_support/callbacks.rb:750:in `_run_process_action_callbacks'
  activesupport (5.0.1) lib/active_support/callbacks.rb:90:in `run_callbacks'
  actionpack (5.0.1) lib/abstract_controller/callbacks.rb:19:in `process_action'
  actionpack (5.0.1) lib/action_controller/metal/rescue.rb:20:in `process_action'
  actionpack (5.0.1) lib/action_controller/metal/instrumentation.rb:32:in `block in process_action'
  activesupport (5.0.1) lib/active_support/notifications.rb:164:in `block in instrument'
  activesupport (5.0.1) lib/active_support/notifications/instrumenter.rb:21:in `instrument'
  activesupport (5.0.1) lib/active_support/notifications.rb:164:in `instrument'
  actionpack (5.0.1) lib/action_controller/metal/instrumentation.rb:30:in `process_action'
  actionpack (5.0.1) lib/action_controller/metal/params_wrapper.rb:248:in `process_action'
  activerecord (5.0.1) lib/active_record/railties/controller_runtime.rb:18:in `process_action'
  actionpack (5.0.1) lib/abstract_controller/base.rb:126:in `process'
  actionview (5.0.1) lib/action_view/rendering.rb:30:in `process'
  actionpack (5.0.1) lib/action_controller/metal.rb:190:in `dispatch'
  actionpack (5.0.1) lib/action_controller/metal.rb:262:in `dispatch'
  actionpack (5.0.1) lib/action_dispatch/routing/route_set.rb:50:in `dispatch'
  actionpack (5.0.1) lib/action_dispatch/routing/route_set.rb:32:in `serve'
  actionpack (5.0.1) lib/action_dispatch/journey/router.rb:39:in `block in serve'
  actionpack (5.0.1) lib/action_dispatch/journey/router.rb:26:in `each'
  actionpack (5.0.1) lib/action_dispatch/journey/router.rb:26:in `serve'
  actionpack (5.0.1) lib/action_dispatch/routing/route_set.rb:725:in `call'
  warden (1.2.7) lib/warden/manager.rb:36:in `block in call'
  warden (1.2.7) lib/warden/manager.rb:35:in `catch'
  warden (1.2.7) lib/warden/manager.rb:35:in `call'
  rack (2.0.1) lib/rack/etag.rb:25:in `call'
  rack (2.0.1) lib/rack/conditional_get.rb:25:in `call'
  rack (2.0.1) lib/rack/head.rb:12:in `call'
  rack (2.0.1) lib/rack/session/abstract/id.rb:222:in `context'
  rack (2.0.1) lib/rack/session/abstract/id.rb:216:in `call'
  actionpack (5.0.1) lib/action_dispatch/middleware/cookies.rb:613:in `call'
  activerecord (5.0.1) lib/active_record/migration.rb:553:in `call'
  actionpack (5.0.1) lib/action_dispatch/middleware/callbacks.rb:38:in `block in call'
  activesupport (5.0.1) lib/active_support/callbacks.rb:97:in `__run_callbacks__'
  activesupport (5.0.1) lib/active_support/callbacks.rb:750:in `_run_call_callbacks'
  activesupport (5.0.1) lib/active_support/callbacks.rb:90:in `run_callbacks'
  actionpack (5.0.1) lib/action_dispatch/middleware/callbacks.rb:36:in `call'
  actionpack (5.0.1) lib/action_dispatch/middleware/executor.rb:12:in `call'
  actionpack (5.0.1) lib/action_dispatch/middleware/remote_ip.rb:79:in `call'
  better_errors (2.1.1) lib/better_errors/middleware.rb:84:in `protected_app_call'
  better_errors (2.1.1) lib/better_errors/middleware.rb:79:in `better_errors_call'
  better_errors (2.1.1) lib/better_errors/middleware.rb:57:in `call'
  actionpack (5.0.1) lib/action_dispatch/middleware/debug_exceptions.rb:49:in `call'
  actionpack (5.0.1) lib/action_dispatch/middleware/show_exceptions.rb:31:in `call'
  railties (5.0.1) lib/rails/rack/logger.rb:36:in `call_app'
  railties (5.0.1) lib/rails/rack/logger.rb:24:in `block in call'
  activesupport (5.0.1) lib/active_support/tagged_logging.rb:69:in `block in tagged'
  activesupport (5.0.1) lib/active_support/tagged_logging.rb:26:in `tagged'
  activesupport (5.0.1) lib/active_support/tagged_logging.rb:69:in `tagged'
  railties (5.0.1) lib/rails/rack/logger.rb:24:in `call'
  actionpack (5.0.1) lib/action_dispatch/middleware/request_id.rb:24:in `call'
  rack (2.0.1) lib/rack/method_override.rb:22:in `call'
  rack (2.0.1) lib/rack/runtime.rb:22:in `call'
  activesupport (5.0.1) lib/active_support/cache/strategy/local_cache_middleware.rb:28:in `call'
  actionpack (5.0.1) lib/action_dispatch/middleware/executor.rb:12:in `call'
  actionpack (5.0.1) lib/action_dispatch/middleware/static.rb:136:in `call'
  rack (2.0.1) lib/rack/sendfile.rb:111:in `call'
  railties (5.0.1) lib/rails/engine.rb:522:in `call'
  rack (2.0.1) lib/rack/handler/webrick.rb:86:in `service'
  /home/dapresident/.rvm/rubies/ruby-2.4.0/lib/ruby/2.4.0/webrick/httpserver.rb:140:in `service'
  /home/dapresident/.rvm/rubies/ruby-2.4.0/lib/ruby/2.4.0/webrick/httpserver.rb:96:in `run'
  /home/dapresident/.rvm/rubies/ruby-2.4.0/lib/ruby/2.4.0/webrick/server.rb:290:in `block in start_thread'

Started POST "/__better_errors/2498d042e203c375/variables" for 127.0.0.1 at 2017-02-15 00:41:02 -0600
Started GET "/recipes/1" for 127.0.0.1 at 2017-02-15 00:41:49 -0600
Processing by RecipesController#show as HTML
  Parameters: {"id"=>"1"}
  [1m[36mRecipe Load (0.2ms)[0m  [1m[34mSELECT  "recipes".* FROM "recipes" WHERE "recipes"."id" = ? LIMIT ?[0m  [["id", 1], ["LIMIT", 1]]
  Rendering recipes/show.html.erb within layouts/application
  [1m[36mUser Load (0.2ms)[0m  [1m[34mSELECT  "users".* FROM "users" WHERE "users"."id" = ? LIMIT ?[0m  [["id", 1], ["LIMIT", 1]]
  [1m[36mIngredient Load (0.1ms)[0m  [1m[34mSELECT "ingredients".* FROM "ingredients" WHERE "ingredients"."recipe_id" = ?[0m  [["recipe_id", 1]]
  [1m[36mDirection Load (0.2ms)[0m  [1m[34mSELECT "directions".* FROM "directions" WHERE "directions"."recipe_id" = ?[0m  [["recipe_id", 1]]
  [1m[36mUser Load (0.2ms)[0m  [1m[34mSELECT  "users".* FROM "users" WHERE "users"."id" = ? ORDER BY "users"."id" ASC LIMIT ?[0m  [["id", 1], ["LIMIT", 1]]
  Rendered recipes/show.html.erb within layouts/application (7.9ms)
  Rendered layouts/_navigation.html.erb (1.4ms)
Completed 200 OK in 40ms (Views: 37.3ms | ActiveRecord: 0.8ms)


Started DELETE "/users/sign_out" for 127.0.0.1 at 2017-02-15 00:44:59 -0600
Processing by Devise::SessionsController#destroy as HTML
  Parameters: {"authenticity_token"=>"fafqJStQeRurg6UleWTT9o7ePNgILllwJ7t+Qz0jbVLjZ61cdtmTCnfoqAAbvJC0Wycmo/fH8c29tVxagI4uQg=="}
  [1m[36mUser Load (0.3ms)[0m  [1m[34mSELECT  "users".* FROM "users" WHERE "users"."id" = ? ORDER BY "users"."id" ASC LIMIT ?[0m  [["id", 1], ["LIMIT", 1]]
  [1m[35m (0.1ms)[0m  [1m[36mbegin transaction[0m
  [1m[35m (0.1ms)[0m  [1m[36mcommit transaction[0m
Redirected to http://localhost:3000/
Completed 302 Found in 8ms (ActiveRecord: 0.5ms)


Started GET "/" for 127.0.0.1 at 2017-02-15 00:44:59 -0600
Processing by RecipesController#index as HTML
  Rendering recipes/index.html.erb within layouts/application
  [1m[35m (0.2ms)[0m  [1m[34mSELECT COUNT(*) FROM "recipes"[0m
  [1m[36mRecipe Load (0.3ms)[0m  [1m[34mSELECT "recipes".* FROM "recipes" ORDER BY created_at DESC[0m
  Rendered recipes/index.html.erb within layouts/application (4.4ms)
  Rendered layouts/_navigation.html.erb (0.8ms)
Completed 200 OK in 34ms (Views: 32.0ms | ActiveRecord: 0.4ms)


Started GET "/users/sign_up" for 127.0.0.1 at 2017-02-15 00:45:01 -0600
Processing by Devise::RegistrationsController#new as HTML
  Rendering devise/registrations/new.html.erb within layouts/application
  Rendered devise/shared/_links.erb (1.8ms)
  Rendered devise/registrations/new.html.erb within layouts/application (11.8ms)
  Rendered layouts/_navigation.html.erb (0.7ms)
Completed 200 OK in 35ms (Views: 34.2ms | ActiveRecord: 0.0ms)


Started GET "/users/sign_up" for 127.0.0.1 at 2017-02-15 00:45:25 -0600
Processing by Devise::RegistrationsController#new as HTML
  Rendering devise/registrations/new.html.erb within layouts/application
  Rendered devise/shared/_links.erb (1.7ms)
  Rendered devise/registrations/new.html.erb within layouts/application (11.9ms)
  Rendered layouts/_navigation.html.erb (1.6ms)
Completed 200 OK in 40ms (Views: 39.3ms | ActiveRecord: 0.0ms)


Started GET "/users/sign_up" for 127.0.0.1 at 2017-02-15 00:47:14 -0600
Processing by Devise::RegistrationsController#new as HTML
  Rendering devise/registrations/new.html.erb within layouts/application
  Rendered devise/shared/_links.erb (1.3ms)
  Rendered devise/registrations/new.html.erb within layouts/application (9.7ms)
  Rendered layouts/_navigation.html.erb (1.6ms)
Completed 200 OK in 40ms (Views: 38.9ms | ActiveRecord: 0.0ms)


Started GET "/users/sign_in" for 127.0.0.1 at 2017-02-15 00:50:52 -0600
Processing by Devise::SessionsController#new as HTML
  Rendering devise/sessions/new.html.erb within layouts/application
  Rendered devise/shared/_links.erb (1.1ms)
  Rendered devise/sessions/new.html.erb within layouts/application (16.1ms)
  Rendered layouts/_navigation.html.erb (1.0ms)
Completed 200 OK in 47ms (Views: 45.9ms | ActiveRecord: 0.0ms)


Started GET "/users/sign_in" for 127.0.0.1 at 2017-02-15 00:52:02 -0600
Processing by Devise::SessionsController#new as HTML
  Rendering devise/sessions/new.html.erb within layouts/application
  Rendered devise/shared/_links.erb (0.8ms)
  Rendered devise/sessions/new.html.erb within layouts/application (11.2ms)
  Rendered layouts/_navigation.html.erb (1.4ms)
Completed 200 OK in 43ms (Views: 41.8ms | ActiveRecord: 0.0ms)


